[2016-04-13 14:20:17] START
[2016-04-13 14:22:12] EDIT Task/models/db.py: 9
[2016-04-13 14:28:27] EDIT Task/controllers/default.py: -1
[2016-04-13 14:28:53] EDIT Task/controllers/default.py: 0
[2016-04-13 14:29:02] EDIT Task/controllers/default.py: 0
[2016-04-13 14:48:17] EDIT Task/models/menu.py: -91
[2016-04-13 14:49:37] EDIT Task/views/default/index.html: -12
[2016-04-13 14:51:12] EDIT Task/views/default/index.html: -27
[2016-04-13 14:52:11] EDIT Task/static/css/web2py-bootstrap3.css: 0
[2016-04-13 14:53:35] EDIT Task/views/default/index.html: 0
[2016-04-13 14:54:23] EDIT Task/models/menu.py: 0
[2016-04-13 14:54:23] EDIT Task/models/menu.py: 0
[2016-04-13 14:54:45] CREATE default/task.html: 0
[2016-04-13 14:54:53] EDIT Task/views/default/task.html: 0
[2016-04-13 14:54:53] EDIT Task/views/default/task.html: 0
[2016-04-13 14:55:03] EDIT Task/models/menu.py: 0
[2016-04-13 14:55:03] EDIT Task/models/menu.py: 0
[2016-04-13 14:55:03] EDIT Task/models/menu.py: 0
[2016-04-13 14:55:03] EDIT Task/models/menu.py: 0
[2016-04-13 14:55:03] EDIT Task/models/menu.py: 0
[2016-04-13 14:55:43] EDIT Task/controllers/default.py: 2
[2016-04-13 14:55:43] EDIT Task/controllers/default.py: 0
[2016-04-13 14:58:53] EDIT Task/models/db.py: 7
[2016-04-13 14:58:53] EDIT Task/models/db.py: 0
[2016-04-13 14:58:53] EDIT Task/models/db.py: 0
[2016-04-13 14:59:20] EDIT Task/models/db.py: 0
[2016-04-13 14:59:20] EDIT Task/models/db.py: 0
[2016-04-13 14:59:51] EDIT Task/models/db.py: 0
[2016-04-13 14:59:51] EDIT Task/models/db.py: 0
[2016-04-13 14:59:51] EDIT Task/models/db.py: 0
[2016-04-13 15:01:33] EDIT Task/controllers/default.py: 2
[2016-04-13 15:02:18] EDIT Task/models/menu.py: 0
[2016-04-13 15:03:03] EDIT Task/views/default/task.html: 1
[2016-04-13 15:03:07] EDIT Task/views/default/task.html: 0
[2016-04-13 15:03:56] EDIT Task/controllers/default.py: -1
[2016-04-13 15:06:14] EDIT Task/models/menu.py: -2
[2016-04-13 15:06:14] EDIT Task/models/menu.py: 0
[2016-04-13 15:06:51] EDIT Task/models/menu.py: 0
[2016-04-13 15:07:00] EDIT Task/models/menu.py: 0
[2016-04-13 15:09:21] EDIT Task/models/menu.py: 2
[2016-04-13 15:14:05] EDIT Task/models/db.py: 1
[2016-04-13 15:14:38] EDIT Task/models/db.py: -1
[2016-04-13 15:15:44] EDIT Task/controllers/default.py: 0
[2016-04-13 15:16:02] EDIT Task/controllers/default.py: 0
[2016-04-13 15:18:21] EDIT Task/views/default/task.html: -1
[2016-04-13 15:19:17] EDIT Task/controllers/default.py: 0
[2016-04-13 15:21:08] EDIT Task/views/default/task.html: 0
[2016-04-13 15:27:03] EDIT Task/views/default/task.html: -1
[2016-04-13 15:27:27] EDIT Task/views/default/task.html: 0
[2016-04-13 15:33:03] EDIT Task/controllers/default.py: 1
[2016-04-13 15:34:37] EDIT Task/views/layout.html: -1
[2016-04-13 15:34:46] EDIT Task/views/layout.html: 0
[2016-04-13 15:36:54] EDIT Task/views/default/task.html: -1
[2016-04-13 15:37:03] EDIT Task/views/default/task.html: 0
[2016-04-13 15:38:04] EDIT Task/views/default/index.html: 0
[2016-04-13 15:49:32] EDIT Task/static/css/web2py-bootstrap3.css: -6
[2016-04-13 15:49:47] EDIT Task/static/css/web2py-bootstrap3.css: 0
[2016-04-13 15:52:45] EDIT Task/views/default/index.html: 0
[2016-04-13 15:52:56] EDIT Task/views/default/index.html: 0
[2016-04-13 15:53:04] EDIT Task/views/default/index.html: 0
[2016-04-13 15:53:12] EDIT Task/views/default/index.html: 0
[2016-04-13 15:59:26] EDIT Task/models/db.py: 2
[2016-04-13 16:00:00] EDIT Task/models/db.py: -1
[2016-04-13 16:00:07] EDIT Task/models/db.py: 0
[2016-04-13 16:01:42] EDIT Task/models/db.py: -1
[2016-04-13 16:02:49] EDIT Task/models/db.py: 4
[2016-04-13 16:04:01] EDIT Task/models/db.py: -2
[2016-04-13 16:04:08] EDIT Task/models/db.py: -1
[2016-04-13 16:07:13] EDIT Task/controllers/default.py: 2
[2016-04-13 16:09:15] EDIT Task/views/default/task.html: 10
[2016-04-13 16:09:26] EDIT Task/views/default/task.html: -1
[2016-04-13 16:11:39] EDIT Task/views/default/task.html: 0
[2016-04-13 16:13:17] EDIT Task/controllers/default.py: -1
[2016-04-13 16:14:06] EDIT Task/models/db.py: -1
[2016-04-13 16:15:19] EDIT Task/models/db.py: 1
[2016-04-13 16:16:07] EDIT Task/views/default/task.html: 0
[2016-04-13 16:16:22] EDIT Task/controllers/default.py: 0
[2016-04-13 16:16:34] EDIT Task/models/db.py: 0
[2016-04-13 16:18:29] EDIT Task/views/default/task.html: -1
[2016-04-13 16:20:20] EDIT Task/views/default/task.html: 0
[2016-04-13 16:20:56] EDIT Task/views/default/task.html: 1
[2016-04-13 16:23:06] EDIT Task/views/default/task.html: -1
[2016-04-13 16:23:08] EDIT Task/views/default/task.html: 0
[2016-04-13 16:23:38] EDIT Task/views/default/task.html: 1
[2016-04-13 16:23:56] EDIT Task/views/default/task.html: 0
[2016-04-13 16:24:23] EDIT Task/views/default/task.html: 0
[2016-04-13 16:29:58] EDIT Task/controllers/default.py: 0
[2016-04-13 16:30:42] EDIT Task/models/db.py: 4
[2016-04-13 16:32:41] EDIT Task/controllers/default.py: 4
[2016-04-13 16:33:17] EDIT Task/controllers/default.py: 1
[2016-04-13 16:33:20] EDIT Task/controllers/default.py: 0
[2016-04-13 16:33:25] EDIT Task/controllers/default.py: 0
[2016-04-13 16:34:41] EDIT Task/controllers/default.py: -2
[2016-04-13 16:35:06] EDIT Task/models/db.py: -2
[2016-04-13 16:37:51] EDIT Task/views/default/task.html: 1
[2016-04-13 16:38:51] EDIT Task/controllers/default.py: 0
[2016-04-13 16:39:32] EDIT Task/controllers/default.py: -3
[2016-04-13 16:40:43] EDIT Task/models/db.py: -1
[2016-04-13 16:41:26] EDIT Task/views/default/task.html: 0
[2016-04-13 16:42:12] EDIT Task/models/db.py: -1
[2016-04-13 16:43:24] EDIT Task/controllers/default.py: 0
[2016-04-13 16:45:18] EDIT Task/models/db.py: 3
[2016-04-13 16:47:09] EDIT Task/controllers/default.py: 4
[2016-04-13 16:48:07] CREATE default/sub.html: 0
[2016-04-13 16:50:37] EDIT Task/views/default/task.html: -2
[2016-04-13 16:52:34] EDIT Task/models/menu.py: 1
[2016-04-13 16:53:12] EDIT Task/views/default/task.html: 1
[2016-04-13 16:55:37] EDIT Task/views/default/task.html: 0
[2016-04-13 16:57:14] EDIT Task/views/default/task.html: -7
[2016-04-13 16:58:31] EDIT Task/views/default/task.html: 0
[2016-04-13 16:58:36] EDIT Task/models/db.py: -1
[2016-04-13 17:00:10] EDIT Task/models/db.py: 1
[2016-04-13 17:00:20] EDIT Task/models/db.py: 0
[2016-04-13 17:00:44] EDIT Task/models/db.py: -1
[2016-04-13 21:58:50] EDIT Task/models/db.py: 0
[2016-04-13 21:59:08] EDIT Task/models/db.py: -1
[2016-04-13 22:02:30] EDIT Task/models/db.py: 1
[2016-04-13 22:02:39] EDIT Task/models/db.py: 0
[2016-04-13 22:03:12] EDIT Task/models/db.py: -1
[2016-04-13 22:03:49] EDIT Task/views/default/task.html: -1
[2016-04-13 22:10:58] EDIT Task/views/default/task.html: 3
[2016-04-13 22:11:49] EDIT Task/views/default/task.html: 0
[2016-04-13 22:13:11] EDIT Task/views/default/task.html: 0
[2016-04-13 22:13:53] EDIT Task/views/default/task.html: 0
[2016-04-13 22:15:17] EDIT Task/views/default/task.html: 0
[2016-04-13 22:17:20] EDIT Task/views/default/task.html: 0
[2016-04-13 22:19:43] EDIT Task/views/default/task.html: 0
[2016-04-13 22:21:00] EDIT Task/views/default/task.html: 0
[2016-04-13 22:21:52] EDIT Task/views/default/task.html: 0
[2016-04-13 22:22:17] EDIT Task/views/default/task.html: 0
[2016-04-13 22:23:03] EDIT Task/views/default/task.html: 0
[2016-04-13 22:23:42] EDIT Task/views/default/task.html: 0
[2016-04-13 22:24:40] EDIT Task/views/default/task.html: 0
[2016-04-13 22:25:20] EDIT Task/views/default/task.html: 0
[2016-04-13 22:26:17] EDIT Task/views/default/task.html: 0
[2016-04-13 22:26:42] EDIT Task/views/default/task.html: 0
[2016-04-13 22:27:33] EDIT Task/views/default/task.html: 0
[2016-04-13 22:28:19] EDIT Task/views/default/task.html: -1
[2016-04-13 22:28:51] EDIT Task/views/default/task.html: -1
[2016-04-13 22:34:26] EDIT Task/views/default/task.html: 1
[2016-04-13 22:35:44] EDIT Task/views/default/task.html: -1
[2016-04-13 22:36:25] EDIT Task/views/default/task.html: 0
[2016-04-13 22:36:49] EDIT Task/views/default/sub.html: 1
[2016-04-13 22:37:16] EDIT Task/views/default/sub.html: -1
[2016-04-13 22:37:41] EDIT Task/views/default/sub.html: 0
[2016-04-13 22:41:25] EDIT Task/models/menu.py: -1
[2016-04-13 22:43:14] EDIT Task/views/layout.html: -11
[2016-04-13 22:43:49] EDIT Task/views/layout.html: 0
[2016-04-13 22:47:21] EDIT Task/views/default/task.html: 3
[2016-04-13 22:47:36] EDIT Task/views/default/task.html: 0
[2016-04-13 22:47:59] EDIT Task/views/default/task.html: 0
[2016-04-13 22:48:10] EDIT Task/views/default/task.html: 0
[2016-04-13 22:48:19] EDIT Task/views/default/task.html: -1
[2016-04-13 22:49:08] EDIT Task/views/default/task.html: 1
[2016-04-13 22:49:40] EDIT Task/views/default/task.html: 0
[2016-04-13 22:49:51] EDIT Task/views/default/task.html: 0
[2016-04-13 22:50:07] EDIT Task/views/default/task.html: 0
[2016-04-13 22:51:20] EDIT Task/controllers/default.py: 2
[2016-04-13 22:52:05] EDIT Task/views/default/task.html: 1
[2016-04-13 22:52:15] EDIT Task/views/default/task.html: 0
[2016-04-13 22:52:50] EDIT Task/views/default/task.html: 0
[2016-04-13 22:53:04] EDIT Task/views/default/task.html: 0
[2016-04-13 22:53:13] EDIT Task/views/default/task.html: 0
[2016-04-13 22:53:20] EDIT Task/views/default/task.html: 0
[2016-04-13 22:53:28] EDIT Task/views/default/task.html: 0
[2016-04-13 22:53:35] EDIT Task/views/default/task.html: 0
[2016-04-13 22:53:43] EDIT Task/views/default/task.html: 0
[2016-04-13 22:53:51] EDIT Task/views/default/task.html: 0
[2016-04-13 22:57:08] EDIT Task/views/default/task.html: 0
[2016-04-13 22:57:30] EDIT Task/views/default/task.html: 0
[2016-04-13 22:58:45] EDIT Task/models/db.py: 0
[2016-04-13 22:59:36] EDIT Task/views/default/task.html: 0
[2016-04-13 22:59:48] EDIT Task/views/default/task.html: 0
[2016-04-13 22:59:55] EDIT Task/views/default/task.html: 0
[2016-04-13 23:00:15] EDIT Task/views/default/task.html: 0
[2016-04-13 23:00:30] EDIT Task/views/default/task.html: 0
[2016-04-13 23:01:14] EDIT Task/views/default/task.html: 0
[2016-04-13 23:01:50] EDIT Task/views/default/task.html: -1
[2016-04-13 23:07:09] EDIT Task/views/default/task.html: 1
[2016-04-13 23:07:47] EDIT Task/views/default/task.html: 0
[2016-04-13 23:08:22] EDIT Task/views/default/task.html: -1
[2016-04-13 23:08:58] EDIT Task/views/default/task.html: 1
[2016-04-13 23:09:08] EDIT Task/views/default/task.html: 0
[2016-04-13 23:09:25] EDIT Task/views/default/task.html: 0
[2016-04-13 23:10:35] EDIT Task/views/default/task.html: 0
[2016-04-13 23:16:44] EDIT Task/views/default/task.html: 0
[2016-04-13 23:18:23] EDIT Task/models/db.py: 0
[2016-04-13 23:35:20] EDIT Task/models/db.py: 0
[2016-04-13 23:36:49] EDIT Task/views/default/task.html: 1
[2016-04-13 23:37:16] EDIT Task/views/default/task.html: -1
[2016-04-17 10:35:44] EDIT Task/models/db.py: 5
[2016-04-17 10:41:54] CREATE default/incomplete.html: 0
[2016-04-17 10:42:28] EDIT Task/controllers/default.py: 0
[2016-04-17 10:43:27] EDIT Task/controllers/default.py: 7
[2016-04-17 10:44:08] EDIT Task/controllers/default.py: 0
[2016-04-17 10:45:36] EDIT Task/views/default/incomplete.html: 24
[2016-04-17 10:46:03] EDIT Task/views/default/incomplete.html: 0
[2016-04-17 10:46:56] EDIT Task/views/default/task.html: -1
[2016-04-17 10:47:09] EDIT Task/views/default/incomplete.html: 0
[2016-04-17 10:47:48] EDIT Task/views/default/incomplete.html: 5
[2016-04-17 10:48:08] EDIT Task/views/default/incomplete.html: -1
[2016-04-17 10:49:18] EDIT Task/models/menu.py: 1
[2016-04-17 10:52:32] EDIT Task/views/default/incomplete.html: -2
[2016-04-17 10:53:11] CREATE default/show.html: 0
[2016-04-17 10:54:06] EDIT Task/controllers/default.py: 3
[2016-04-17 11:03:08] EDIT Task/views/default/show.html: 38
[2016-04-17 11:05:26] EDIT Task/views/default/show.html: -14
[2016-04-17 11:08:36] EDIT Task/views/default/incomplete.html: -1
[2016-04-17 11:08:57] EDIT Task/views/default/incomplete.html: 0
[2016-04-17 11:09:09] EDIT Task/views/default/incomplete.html: -1
[2016-04-17 11:09:47] EDIT Task/views/default/incomplete.html: 44
[2016-04-17 11:09:58] EDIT Task/views/default/incomplete.html: 1
[2016-04-17 11:10:13] EDIT Task/views/default/incomplete.html: -17
[2016-04-17 11:11:05] EDIT Task/views/default/incomplete.html: 0
[2016-04-17 11:11:14] EDIT Task/views/default/incomplete.html: -1
[2016-04-17 11:11:22] EDIT Task/views/default/incomplete.html: 0
[2016-04-17 11:14:38] EDIT Task/views/default/incomplete.html: -25
[2016-04-17 11:15:17] EDIT Task/views/default/incomplete.html: 9
[2016-04-17 11:15:49] EDIT Task/models/db.py: 2
[2016-04-17 11:16:03] EDIT Task/models/db.py: 0
[2016-04-17 11:16:14] EDIT Task/models/db.py: 0
[2016-04-17 11:16:21] EDIT Task/views/default/incomplete.html: 0
[2016-04-17 11:16:49] EDIT Task/views/default/incomplete.html: -1
[2016-04-17 11:17:37] EDIT Task/views/default/incomplete.html: -1
[2016-04-17 11:17:47] EDIT Task/views/default/incomplete.html: 0
[2016-04-17 11:17:58] EDIT Task/views/default/incomplete.html: -7
[2016-04-17 11:18:18] EDIT Task/models/db.py: -4
[2016-04-17 11:19:25] EDIT Task/models/db.py: 0
[2016-04-17 11:19:34] EDIT Task/models/db.py: -1
[2016-04-17 11:20:46] EDIT Task/views/default/show.html: -6
[2016-04-17 11:21:30] EDIT Task/models/db.py: -1
[2016-04-17 11:24:40] EDIT Task/views/default/incomplete.html: 12
[2016-04-17 11:24:58] EDIT Task/views/default/incomplete.html: 9
[2016-04-17 11:25:02] EDIT Task/views/default/incomplete.html: 0
[2016-04-17 11:25:37] EDIT Task/views/default/incomplete.html: 5
[2016-04-17 12:21:09] EDIT Task/models/db.py: 1
[2016-04-17 12:28:42] EDIT Task/views/default/task.html: 9
[2016-04-17 12:29:40] EDIT Task/views/default/task.html: 0
[2016-04-17 12:34:28] EDIT Task/views/default/task.html: 1
[2016-04-17 12:36:38] EDIT Task/views/default/task.html: -4
[2016-04-17 12:37:29] EDIT Task/views/default/task.html: -6
[2016-04-17 13:50:17] EDIT Task/models/menu.py: 0
[2016-04-17 13:52:24] EDIT Task/models/db.py: 0
[2016-04-17 13:52:41] EDIT Task/models/db.py: 0
[2016-04-17 13:52:46] EDIT Task/models/db.py: 0
[2016-04-17 13:53:56] EDIT Task/models/menu.py: 0
[2016-04-17 13:54:19] EDIT Task/models/menu.py: 0
[2016-04-17 13:54:47] EDIT Task/models/menu.py: 0
[2016-04-17 13:55:23] EDIT Task/models/menu.py: 0
[2016-04-17 13:57:20] EDIT Task/views/default/index.html: 0
[2016-04-17 14:01:29] EDIT Task/models/db.py: 1
[2016-04-17 14:03:10] EDIT Task/models/db.py: 20
[2016-04-17 14:03:42] EDIT Task/controllers/default.py: 1
[2016-04-17 14:13:54] EDIT Task/controllers/default.py: 0
[2016-04-17 14:15:52] EDIT Task/controllers/default.py: 0
[2016-04-17 14:19:14] EDIT Task/models/db.py: 1
[2016-04-17 14:19:48] EDIT Task/controllers/default.py: 1
[2016-04-17 14:36:43] EDIT Task/views/default/incomplete.html: 3
[2016-04-17 14:37:51] EDIT Task/views/default/incomplete.html: 0
[2016-04-17 14:38:17] EDIT Task/views/default/incomplete.html: 0
[2016-04-17 14:44:13] EDIT Task/models/db.py: 7
[2016-04-17 14:46:29] EDIT Task/controllers/default.py: 2
[2016-04-17 14:48:24] EDIT Task/models/db.py: 0
[2016-04-17 14:49:27] EDIT Task/models/db.py: 0
[2016-04-17 14:59:52] EDIT Task/models/db.py: 1
[2016-04-17 15:01:08] EDIT Task/controllers/default.py: 0
[2016-04-17 15:02:13] EDIT Task/models/db.py: 0
[2016-04-17 15:03:08] EDIT Task/models/db.py: 0
[2016-04-17 15:03:16] EDIT Task/models/db.py: 0
[2016-04-17 15:04:31] EDIT Task/models/db.py: 0
[2016-04-17 15:04:40] EDIT Task/models/db.py: 0
[2016-04-17 15:05:45] EDIT Task/models/db.py: 0
[2016-04-17 15:06:44] EDIT Task/controllers/default.py: 0
[2016-04-17 15:07:08] EDIT Task/models/db.py: 1
[2016-04-17 15:09:32] EDIT Task/views/default/show.html: 1
[2016-04-17 15:10:33] EDIT Task/views/default/show.html: 0
[2016-04-17 15:12:00] EDIT Task/views/default/show.html: 3
[2016-04-17 15:12:33] EDIT Task/views/default/show.html: 2
[2016-04-17 15:12:54] EDIT Task/views/default/show.html: 0
[2016-04-17 15:15:25] EDIT Task/views/default/show.html: 5
[2016-04-17 15:21:36] EDIT Task/views/default/incomplete.html: 0
[2016-04-17 15:24:16] EDIT Task/views/default/incomplete.html: 0
[2016-04-17 15:24:50] EDIT Task/views/default/incomplete.html: 1
[2016-04-17 15:28:12] EDIT Task/views/default/incomplete.html: 0
[2016-04-17 15:28:35] EDIT Task/views/default/incomplete.html: 0
[2016-04-17 15:28:46] EDIT Task/views/default/incomplete.html: 0
[2016-04-17 15:31:01] EDIT Task/views/default/incomplete.html: 0
[2016-04-17 15:37:08] EDIT Task/views/default/show.html: 3
[2016-04-17 15:37:33] EDIT Task/views/default/show.html: 3
[2016-04-17 15:38:37] EDIT Task/views/default/show.html: 0
[2016-04-17 15:39:38] EDIT Task/views/default/show.html: 1
[2016-04-17 15:41:34] EDIT Task/views/default/show.html: 1
[2016-04-17 15:42:27] EDIT Task/views/default/show.html: 1
[2016-04-17 15:43:13] EDIT Task/views/default/show.html: 0
[2016-04-17 15:44:03] EDIT Task/views/default/show.html: 0
[2016-04-17 15:45:28] EDIT Task/views/default/show.html: 0
[2016-04-17 15:45:43] EDIT Task/views/default/show.html: -1
[2016-04-17 15:50:52] EDIT Task/views/default/show.html: 2
[2016-04-17 15:51:34] EDIT Task/views/default/show.html: 0
[2016-04-17 16:09:10] EDIT Task/views/layout.html: 11
[2016-04-17 16:10:25] EDIT Task/views/layout.html: 0
[2016-04-17 16:55:37] EDIT Task/models/db.py: 0
[2016-04-17 16:56:07] EDIT Task/views/default/task.html: 13
[2016-04-17 16:57:38] EDIT Task/controllers/default.py: 0
[2016-04-17 16:59:42] EDIT Task/views/default/task.html: 1
[2016-04-17 17:04:13] EDIT Task/views/default/task.html: 0
[2016-04-17 17:06:28] EDIT Task/controllers/default.py: 0
[2016-04-17 17:06:53] EDIT Task/views/default/task.html: 0
[2016-04-17 17:09:17] EDIT Task/views/default/task.html: 0
[2016-04-17 17:15:54] EDIT Task/views/layout.html: 1
[2016-04-17 17:16:36] EDIT Task/views/layout.html: 0
[2016-04-17 21:29:52] EDIT Task/views/default/task.html: 0
[2016-04-17 21:37:34] EDIT Task/views/default/task.html: 0
[2016-04-17 21:43:13] EDIT Task/controllers/default.py: 0
[2016-04-17 21:44:50] EDIT Task/controllers/default.py: 0
[2016-04-20 15:45:13] CREATE default/home.html: 0
[2016-04-20 15:46:05] EDIT Task/views/default/home.html: 19
[2016-04-20 15:46:37] EDIT Task/models/menu.py: 0
[2016-04-20 15:47:13] EDIT Task/controllers/default.py: 1
[2016-04-20 15:48:10] EDIT Task/controllers/default.py: 3
[2016-04-20 15:48:59] EDIT Task/views/default/index.html: 1
[2016-04-20 15:50:24] EDIT Task/views/default/index.html: -19
[2016-04-20 15:51:28] EDIT Task/controllers/default.py: 0
[2016-04-20 15:52:50] EDIT Task/views/default/index.html: 11
[2016-04-20 15:58:36] CREATE default/extended.html: 0
[2016-04-20 15:59:25] EDIT Task/views/default/extended.html: 143
[2016-04-20 15:59:41] EDIT Task/views/default/index.html: 0
[2016-04-20 16:00:47] CREATE extended.html: 0
[2016-04-20 16:01:00] EDIT Task/views/extended.html: 143
[2016-04-20 16:01:16] DELETE Task/views/default/extended.html: -146
[2016-04-20 16:07:39] EDIT Task/views/extended.html: -1
[2016-04-20 16:08:10] EDIT Task/views/default/index.html: -1
[2016-04-20 16:08:51] EDIT Task/views/default/index.html: -1
[2016-04-20 16:09:00] EDIT Task/views/default/index.html: 0
[2016-04-20 16:11:25] EDIT Task/views/default/index.html: 3
[2016-04-20 16:11:36] EDIT Task/views/default/index.html: 0
[2016-04-20 16:13:18] EDIT Task/views/default/index.html: 4
[2016-04-20 16:13:46] EDIT Task/views/default/index.html: 0
[2016-04-20 16:21:17] EDIT Task/views/default/home.html: -1
[2016-04-20 16:21:26] EDIT Task/views/default/home.html: 0
[2016-04-20 16:23:07] EDIT Task/views/default/home.html: -21
[2016-04-20 16:25:37] EDIT Task/models/db.py: 3
[2016-04-20 16:28:12] EDIT Task/controllers/default.py: 93
[2016-04-20 16:30:39] EDIT Task/controllers/default.py: -64
[2016-04-20 16:31:34] EDIT Task/models/db.py: 1
[2016-04-20 16:31:39] EDIT Task/models/db.py: 0
[2016-04-20 16:31:41] EDIT Task/models/db.py: 0
[2016-04-20 16:32:30] EDIT Task/controllers/default.py: -31
[2016-04-20 16:33:07] EDIT Task/controllers/default.py: 0
[2016-04-20 16:34:28] EDIT Task/models/menu.py: 0
[2016-04-20 16:35:53] EDIT Task/models/db.py: -4
[2016-04-20 16:36:39] EDIT Task/controllers/default.py: 2
[2016-04-20 16:37:15] EDIT Task/controllers/default.py: 0
[2016-04-20 22:20:33] EDIT Task/views/default/task.html: -14
[2016-04-21 00:22:40] EDIT Task/views/default/task.html: 14
[2016-04-21 00:26:18] EDIT Task/models/db.py: 0
[2016-04-21 00:28:09] EDIT Task/views/default/show.html: 1
[2016-04-21 00:28:51] EDIT Task/views/default/show.html: 0
[2016-04-21 00:29:19] EDIT Task/models/db.py: 0
[2016-04-21 14:31:46] EDIT Task_neeew/models/db.py: 4
[2016-04-21 14:31:49] EDIT Task_neeew/models/db.py: 0
[2016-04-21 14:32:21] EDIT Task_neeew/controllers/default.py: 11
[2016-04-21 14:32:41] EDIT Task_neeew/views/default/show.html: 2
[2016-04-21 14:33:16] CREATE default/showcomment.html: 0
[2016-04-21 14:33:21] CREATE default/comment.html: 0
[2016-04-21 14:33:35] EDIT Task_neeew/views/default/comment.html: -1
[2016-04-21 14:33:49] EDIT Task_neeew/views/default/showcomment.html: 21
[2016-04-21 14:34:24] EDIT Task_neeew/views/default/showcomment.html: 0
[2016-04-21 14:34:36] EDIT Task_neeew/views/default/showcomment.html: 0
[2016-04-21 14:35:56] EDIT Task_neeew/views/default/showcomment.html: 1
[2016-04-21 14:37:34] EDIT Task_neeew/models/db.py: 1
[2016-04-21 14:38:23] EDIT Task_neeew/models/db.py: -1
[2016-04-21 14:38:34] EDIT Task_neeew/views/default/showcomment.html: -1
[2016-04-21 14:39:14] EDIT Task_neeew/views/default/showcomment.html: 1
[2016-04-21 14:39:27] EDIT Task_neeew/models/db.py: 1
[2016-04-21 14:39:37] EDIT Task_neeew/models/db.py: -1
[2016-04-21 14:39:43] EDIT Task_neeew/views/default/showcomment.html: -1
[2016-04-21 14:47:22] EDIT Task_neeew/models/db.py: 1
[2016-04-21 14:48:01] EDIT Task_neeew/views/default/showcomment.html: 1
[2016-04-21 14:48:23] EDIT Task_neeew/views/default/showcomment.html: 0
[2016-04-21 14:48:32] EDIT Task_neeew/views/default/showcomment.html: 0
[2016-04-21 14:48:47] EDIT Task_neeew/views/default/showcomment.html: 0
[2016-04-21 14:48:58] EDIT Task_neeew/views/default/showcomment.html: 0
[2016-04-21 14:49:26] EDIT Task_neeew/views/default/showcomment.html: -1
[2016-04-21 14:49:40] EDIT Task_neeew/models/db.py: -1
[2016-04-21 14:49:59] EDIT Task_neeew/views/default/showcomment.html: 1
[2016-04-21 14:50:13] EDIT Task_neeew/views/default/showcomment.html: 0
[2016-04-21 14:50:23] EDIT Task_neeew/views/default/showcomment.html: 0
[2016-04-21 14:50:32] EDIT Task_neeew/views/default/showcomment.html: 0
[2016-04-21 14:51:46] EDIT Task_neeew/views/default/showcomment.html: 3
[2016-04-21 14:51:54] EDIT Task_neeew/views/default/showcomment.html: 0
[2016-04-21 14:52:07] EDIT Task_neeew/views/default/showcomment.html: 0
[2016-04-21 14:52:21] EDIT Task_neeew/views/default/showcomment.html: 0
[2016-04-21 14:52:30] EDIT Task_neeew/views/default/showcomment.html: 0
[2016-04-21 14:52:38] EDIT Task_neeew/views/default/showcomment.html: 0
[2016-04-21 14:54:01] EDIT Task_neeew/models/db.py: -1
[2016-04-21 14:54:11] EDIT Task_neeew/models/db.py: 0
[2016-04-21 15:20:45] EDIT Task_neeew/views/default/show.html: 27
[2016-04-21 15:21:13] EDIT Task_neeew/views/default/show.html: 0
[2016-04-21 16:54:27] EDIT Task1/models/db.py: 2
[2016-04-21 16:57:39] EDIT Task1/controllers/default.py: 9
[2016-04-21 16:58:33] EDIT Task1/views/default/show.html: 13
[2016-04-21 16:59:34] EDIT Task1/models/db.py: 1
[2016-04-21 16:59:36] EDIT Task1/models/db.py: 0
[2016-04-21 16:59:39] EDIT Task1/controllers/default.py: 0
[2016-04-21 16:59:42] EDIT Task1/views/default/show.html: 0
[2016-04-21 17:02:28] EDIT Task1/controllers/default.py: -2
[2016-04-21 17:02:44] EDIT Task1/controllers/default.py: 0
[2016-04-21 17:03:47] EDIT Task1/controllers/default.py: 1
[2016-04-21 17:04:21] CREATE default/com.html: 0
[2016-04-21 17:04:31] EDIT Task1/views/default/com.html: 11
[2016-04-21 17:05:16] EDIT Task1/views/default/show.html: -12
[2016-04-21 17:05:21] EDIT Task1/views/default/show.html: 0
[2016-04-21 17:08:08] EDIT Task1/controllers/default.py: 2
[2016-04-21 17:09:27] EDIT Task1/controllers/default.py: 0
[2016-04-21 17:11:27] EDIT Task1/views/default/show.html: 12
[2016-04-21 17:11:33] EDIT Task1/controllers/default.py: -1
[2016-04-21 17:13:08] EDIT Task1/views/default/show.html: 0
[2016-04-21 17:13:23] EDIT Task1/controllers/default.py: 0
[2016-04-21 17:14:00] EDIT Task1/controllers/default.py: -1
[2016-04-21 17:14:44] EDIT Task1/controllers/default.py: 1
[2016-04-21 17:27:18] EDIT Task1/controllers/default.py: 0
[2016-04-21 17:27:24] EDIT Task1/controllers/default.py: 0
[2016-04-21 17:28:34] EDIT Task1/controllers/default.py: 0
[2016-04-21 17:29:16] EDIT Task1/views/default/show.html: -2
[2016-04-21 17:43:41] EDIT Task1/views/default/task.html: 0
[2016-04-21 17:44:53] EDIT Task1/views/default/task.html: 1
[2016-04-21 17:46:38] EDIT Task1/views/default/task.html: 4
[2016-04-21 17:47:31] EDIT Task1/views/default/task.html: 4
[2016-05-01 12:31:23] EDIT Task1/views/default/show.html: 0
[2016-05-01 12:32:02] EDIT Task1/views/default/show.html: 0
[2016-05-01 12:32:54] EDIT Task1/views/default/show.html: 0
[2016-05-01 12:38:39] EDIT Task1/views/default/show.html: 0
[2016-05-01 12:44:26] EDIT Task1/views/layout.html: 1
[2016-05-01 12:44:38] CREATE index.css: 0
[2016-05-01 12:44:56] EDIT Task1/views/index.css: 185
[2016-05-01 12:45:26] EDIT Task1/views/layout.html: -1
[2016-05-01 12:45:30] EDIT Task1/views/index.css: 0
[2016-05-01 12:46:31] EDIT Task1/views/layout.html: 0
[2016-05-01 12:49:05] EDIT Task1/views/index.css: 0
[2016-05-01 12:49:19] EDIT Task1/views/index.css: 0
[2016-05-01 13:02:31] EDIT Task1/views/layout.html: 0
[2016-05-01 13:22:33] EDIT Task1/models/db.py: 2
[2016-05-01 13:23:08] EDIT Task1/models/db.py: 0
[2016-05-01 13:24:16] EDIT Task1/controllers/default.py: 6
[2016-05-01 13:24:43] EDIT Task1/controllers/default.py: 0
[2016-05-01 13:25:06] EDIT Task1/controllers/default.py: -1
[2016-05-01 13:25:48] EDIT Task1/models/db.py: 0
[2016-05-01 13:26:51] EDIT Task1/models/db.py: 0
[2016-05-01 13:28:16] EDIT Task1/controllers/default.py: 0
[2016-05-01 13:30:06] EDIT Task1/models/db.py: 0
[2016-05-01 13:31:58] EDIT Task1/models/db.py: 0
[2016-05-01 13:33:11] EDIT Task1/controllers/default.py: 6
[2016-05-01 13:33:44] EDIT Task1/models/db.py: 0
[2016-05-01 13:33:52] EDIT Task1/models/db.py: 0
[2016-05-01 13:34:10] EDIT Task1/controllers/default.py: 1
[2016-05-01 13:35:00] EDIT Task1/controllers/default.py: 2
[2016-05-01 13:36:58] EDIT Task1/controllers/default.py: 1
[2016-05-01 13:37:33] EDIT Task1/models/db.py: 0
[2016-05-01 13:37:35] EDIT Task1/controllers/default.py: -1
[2016-05-01 13:38:25] EDIT Task1/controllers/default.py: 0
[2016-05-01 13:38:42] EDIT Task1/controllers/default.py: 0
[2016-05-01 13:39:02] EDIT Task1/controllers/default.py: 0
[2016-05-01 13:39:09] EDIT Task1/controllers/default.py: 0
[2016-05-01 13:40:17] EDIT Task1/controllers/default.py: 0
[2016-05-01 13:42:33] EDIT Task1/controllers/default.py: 1
[2016-05-01 13:43:17] EDIT Task1/models/db.py: 0
[2016-05-01 13:43:29] EDIT Task1/controllers/default.py: 0
[2016-05-01 13:43:50] EDIT Task1/controllers/default.py: 0
[2016-05-01 13:44:05] EDIT Task1/models/db.py: 0
[2016-05-01 13:45:41] EDIT Task1/views/default/task.html: 2
[2016-05-01 13:46:53] EDIT Task1/views/default/task.html: 6
[2016-05-01 13:47:25] EDIT Task1/views/default/task.html: 0
[2016-05-01 13:47:38] EDIT Task1/views/default/task.html: 0
[2016-05-01 13:48:02] EDIT Task1/views/layout.html: -9
[2016-05-01 13:49:06] EDIT Task1/views/default/task.html: 18
[2016-05-01 13:49:30] EDIT Task1/controllers/default.py: 0
[2016-05-01 13:49:52] EDIT Task1/views/index.css: 0
[2016-05-01 13:50:02] EDIT Task1/views/index.css: 0
[2016-05-01 13:50:12] EDIT Task1/views/index.css: 0
[2016-05-01 13:50:23] EDIT Task1/views/index.css: 0
[2016-05-01 13:50:49] EDIT Task1/views/default/task.html: 0
[2016-05-01 13:51:09] EDIT Task1/views/default/task.html: 0
[2016-05-01 13:51:27] EDIT Task1/views/default/task.html: 0
[2016-05-01 13:51:46] EDIT Task1/views/default/task.html: 0
[2016-05-01 13:52:16] EDIT Task1/views/default/task.html: 0
[2016-05-01 13:52:26] EDIT Task1/views/default/task.html: 0
[2016-05-01 13:53:43] EDIT Task1/controllers/default.py: 1
[2016-05-01 13:54:01] EDIT Task1/controllers/default.py: -1
[2016-05-01 14:34:11] EDIT Task1/controllers/default.py: 6
[2016-05-01 14:35:13] EDIT Task1/controllers/default.py: 0
[2016-05-01 14:36:06] EDIT Task1/controllers/default.py: 0
[2016-05-01 14:36:07] EDIT Task1/controllers/default.py: 0
[2016-05-01 14:36:08] EDIT Task1/controllers/default.py: 0
[2016-05-01 14:36:36] EDIT Task1/controllers/default.py: 0
[2016-05-01 14:55:36] EDIT Task1/models/db.py: 0
[2016-05-01 14:56:22] EDIT Task1/controllers/default.py: 0
[2016-05-01 14:56:24] EDIT Task1/controllers/default.py: 0
[2016-05-01 15:05:34] EDIT Task1/controllers/default.py: 0
[2016-05-01 15:08:20] EDIT Task1/models/db.py: -2
[2016-05-01 15:16:40] EDIT Task1/views/default/task.html: 0
[2016-05-01 16:22:08] EDIT Task1/controllers/default.py: 19
[2016-05-01 16:23:25] EDIT Task1/controllers/default.py: 19
[2016-05-01 16:25:13] EDIT Task1/controllers/default.py: 0
[2016-05-01 16:39:15] EDIT Task1/views/default/incomplete.html: -4
[2016-05-01 16:41:23] EDIT Task1/views/default/incomplete.html: 0
[2016-05-01 16:41:40] EDIT Task1/views/default/incomplete.html: 0
[2016-05-01 16:42:44] EDIT Task1/controllers/default.py: 0
[2016-05-01 16:43:03] EDIT Task1/controllers/default.py: 0
[2016-05-01 16:46:33] EDIT Task1/controllers/default.py: 0
[2016-05-01 16:46:39] EDIT Task1/controllers/default.py: 0
[2016-05-01 16:48:03] EDIT Task1/views/default/incomplete.html: 0
[2016-05-01 16:49:46] EDIT Task1/views/default/incomplete.html: 0
[2016-05-01 16:50:04] CREATE default/show1.html: 0
[2016-05-01 16:50:08] EDIT Task1/views/default/show1.html: 0
[2016-05-01 16:53:48] EDIT Task1/views/default/incomplete.html: 0
[2016-05-01 17:06:02] EDIT Task1/views/default/show1.html: 35
[2016-05-01 17:06:02] EDIT Task1/views/default/show1.html: 0
[2016-05-01 17:06:41] EDIT Task1/views/default/show1.html: 0
[2016-05-01 17:08:11] EDIT Task1/views/default/show1.html: -1
[2016-05-01 17:11:28] EDIT Task1/models/db.py: 0
[2016-05-01 17:16:51] EDIT Task1/models/menu.py: 0
[2016-05-01 17:21:27] EDIT Task1/controllers/default.py: 30
[2016-05-01 17:26:11] EDIT Task1/views/default/show1.html: 37
[2016-05-01 17:28:13] EDIT Task1/views/default/incomplete.html: 100
[2016-05-01 17:30:03] EDIT Task1/views/default/incomplete.html: 0
[2016-05-01 17:30:36] EDIT Task1/views/default/incomplete.html: 0
[2016-05-01 17:30:47] EDIT Task1/views/default/incomplete.html: 0
[2016-05-01 17:31:00] EDIT Task1/views/default/incomplete.html: 0
[2016-05-01 17:31:08] EDIT Task1/views/default/incomplete.html: 0
[2016-05-01 17:33:40] EDIT Task1/views/default/incomplete.html: 0
[2016-05-01 17:34:30] EDIT Task1/views/default/incomplete.html: 0
[2016-05-01 17:35:41] EDIT Task1/views/default/incomplete.html: 0
[2016-05-01 17:37:05] EDIT Task1/controllers/default.py: 0
[2016-05-01 17:38:00] EDIT Task1/views/default/show1.html: 0
[2016-05-01 17:38:28] EDIT Task1/views/default/show1.html: 0
[2016-05-01 17:40:18] EDIT Task1/controllers/default.py: 0
[2016-05-01 17:41:23] EDIT Task1/controllers/default.py: 0
[2016-05-01 17:43:25] EDIT Task1/views/default/show1.html: 0
[2016-05-01 17:46:30] EDIT Task1/controllers/default.py: 39
[2016-05-01 17:46:37] EDIT Task1/controllers/default.py: 0
[2016-05-01 17:46:55] EDIT Task1/controllers/default.py: 0
[2016-05-01 17:47:13] EDIT Task1/controllers/default.py: 0
[2016-05-01 17:51:26] EDIT Task1/controllers/default.py: -39
[2016-05-01 17:51:40] EDIT Task1/controllers/default.py: 0
[2016-05-01 17:56:51] EDIT Task1/controllers/default.py: -17
[2016-05-01 18:25:55] EDIT Task1/controllers/default.py: 0
[2016-05-01 18:26:14] EDIT Task1/controllers/default.py: 0
[2016-05-01 18:26:44] EDIT Task1/views/default/show1.html: 0
[2016-05-01 18:27:02] EDIT Task1/views/default/show1.html: 0
[2016-05-01 18:31:44] EDIT Task1/views/index.css: 0
[2016-05-01 19:33:28] DELETE Task1/views/default/showcomment.html: -28
[2016-05-01 19:33:43] DELETE Task1/views/default/sub.html: -3
[2016-05-01 19:34:39] EDIT Task1/models/menu.py: 0
[2016-05-01 19:34:49] EDIT Task1/models/menu.py: 0
[2016-05-01 19:36:02] EDIT Task1/views/default/home.html: 1
[2016-05-01 19:37:32] EDIT Task1/views/default/home.html: 119
[2016-05-01 19:40:44] EDIT Task1/controllers/default.py: 24
[2016-05-01 19:40:56] EDIT Task1/controllers/default.py: 0
[2016-05-01 20:20:35] EDIT Task1/views/default/home.html: 10
[2016-05-01 20:20:43] EDIT Task1/views/default/show1.html: 10
[2016-05-01 20:21:02] EDIT Task1/views/default/show1.html: 0
[2016-05-01 20:21:11] EDIT Task1/views/default/incomplete.html: 10
[2016-05-01 20:21:28] EDIT Task1/views/default/incomplete.html: 0
[2016-05-01 20:21:41] EDIT Task1/views/default/incomplete.html: 0
[2016-05-01 20:21:56] EDIT Task1/views/default/incomplete.html: 0
[2016-05-01 20:22:08] EDIT Task1/views/default/incomplete.html: 0
[2016-05-01 20:22:25] EDIT Task1/views/default/home.html: 0
[2016-05-01 20:22:33] EDIT Task1/views/default/home.html: 0
[2016-05-01 20:25:59] EDIT Task1/views/default/show1.html: 0
[2016-05-01 20:26:32] EDIT Task1/views/default/show1.html: -1
[2016-05-01 20:27:06] EDIT Task1/views/default/show1.html: 0
[2016-05-01 20:27:25] EDIT Task1/views/default/show1.html: 0
[2016-05-01 20:33:59] EDIT Task1/controllers/default.py: 0
[2016-05-01 20:34:08] EDIT Task1/controllers/default.py: 0
[2016-05-01 20:35:00] EDIT Task1/controllers/default.py: 0
[2016-05-01 20:52:08] EDIT Task1/views/default/task.html: 0
[2016-05-01 20:54:58] EDIT Task1/controllers/default.py: 1
[2016-05-01 20:58:23] EDIT Task1/models/menu.py: 0
[2016-05-01 20:58:47] EDIT Task1/models/menu.py: 0
[2016-05-01 21:28:25] CREATE default/edit.html: 0
[2016-05-01 21:28:36] EDIT Task1/views/default/edit.html: 2
[2016-05-01 21:30:07] EDIT Task1/views/default/edit.html: 22
[2016-05-01 21:30:19] EDIT Task1/views/default/incomplete.html: 1
[2016-05-01 21:32:23] EDIT Task1/views/default/incomplete.html: 7
[2016-05-01 21:34:45] EDIT Task1/views/default/incomplete.html: 0
[2016-05-01 21:35:17] EDIT Task1/views/default/incomplete.html: 0
[2016-05-01 21:35:36] EDIT Task1/views/default/incomplete.html: -2
[2016-05-01 21:36:04] EDIT Task1/views/default/edit.html: 0
[2016-05-01 21:37:18] EDIT Task1/views/default/home.html: 5
[2016-05-01 21:37:47] EDIT Task1/views/default/home.html: 1
[2016-05-01 21:38:30] EDIT Task1/views/default/home.html: -1
[2016-05-01 21:52:43] EDIT Task1/models/db.py: 0
[2016-05-02 02:29:25] EDIT Task1/models/menu.py: 1
[2016-05-02 02:30:34] EDIT Task1/models/menu.py: 0
[2016-05-02 02:31:09] EDIT Task1/models/menu.py: 0
[2016-05-02 02:31:55] EDIT Task1/models/menu.py: 0
[2016-05-02 02:32:25] EDIT Task1/models/menu.py: -1
[2016-05-02 02:37:34] EDIT Task1/controllers/default.py: 5
[2016-05-02 02:38:50] CREATE dafault/activity.html: 0
[2016-05-02 02:38:55] EDIT Task1/views/dafault/activity.html: 0
[2016-05-02 02:39:01] EDIT Task1/controllers/default.py: 0
[2016-05-02 02:49:13] EDIT Task1/models/db.py: 4
[2016-05-02 02:50:00] EDIT Task1/models/db.py: 0
[2016-05-02 02:51:04] EDIT Task1/models/db.py: 0
[2016-05-02 02:51:27] EDIT Task1/models/db.py: 0
[2016-05-02 02:54:15] EDIT Task1/models/menu.py: -2
[2016-05-02 02:54:17] EDIT Task1/models/menu.py: 0
[2016-05-02 02:54:56] EDIT Task1/models/menu.py: 0
[2016-05-02 02:55:59] EDIT Task1/models/menu.py: 0
[2016-05-02 02:58:06] EDIT Task1/models/db.py: 0
[2016-05-02 02:58:47] EDIT Task1/controllers/default.py: 11
[2016-05-02 02:59:18] EDIT Task1/controllers/default.py: 0
[2016-05-02 03:00:17] EDIT Task1/controllers/default.py: 1
[2016-05-02 03:01:06] EDIT Task1/models/menu.py: 1
[2016-05-02 03:08:11] EDIT Task1/controllers/default.py: 13
[2016-05-02 03:10:08] EDIT Task1/models/db.py: 1
[2016-05-02 03:10:38] EDIT Task1/models/db.py: 0
[2016-05-02 03:11:21] EDIT Task1/models/db.py: 0
[2016-05-02 03:12:47] EDIT Task1/views/dafault/activity.html: 0
[2016-05-02 03:18:27] EDIT Task1/models/db.py: 0
[2016-05-02 03:19:05] EDIT Task1/controllers/default.py: 0
[2016-05-02 03:19:47] EDIT Task1/controllers/default.py: 0
[2016-05-02 03:20:14] EDIT Task1/models/db.py: 0
[2016-05-02 03:21:24] EDIT Task1/controllers/default.py: 4
[2016-05-02 03:22:54] EDIT Task1/views/default/home.html: 1
[2016-05-02 03:25:01] EDIT Task1/views/default/home.html: 1
[2016-05-02 03:25:26] EDIT Task1/models/db.py: 0
[2016-05-02 03:25:35] EDIT Task1/controllers/default.py: 0
[2016-05-02 03:27:48] EDIT Task1/views/default/home.html: -1
[2016-05-02 13:38:28] EDIT Task1/models/db.py: 0
[2016-05-02 13:38:44] EDIT Task1/models/db.py: 0
[2016-05-02 13:45:23] EDIT Task1/models/db.py: 0
[2016-05-02 13:46:16] EDIT Task1/models/db.py: 0
[2016-05-02 13:47:00] EDIT Task1/models/db.py: 0
[2016-05-02 13:47:36] EDIT Task1/models/db.py: 0
[2016-05-02 13:48:19] EDIT Task1/models/db.py: 0
[2016-05-02 13:55:34] EDIT Task1/models/db.py: 0
[2016-05-02 16:18:19] EDIT Task1/models/db.py: 0
[2016-05-02 16:19:01] EDIT Task1/models/db.py: 0
[2016-05-02 16:19:57] EDIT Task1/models/db.py: 0
[2016-05-02 16:42:47] EDIT Task1/models/db.py: 0
[2016-05-02 16:45:45] EDIT Task1/models/db.py: 0
[2016-05-02 16:57:56] EDIT Task1/models/db.py: 0
[2016-05-02 16:58:11] EDIT Task1/models/db.py: 0
[2016-05-02 16:58:31] EDIT Task1/models/db.py: 0
[2016-05-02 16:59:01] EDIT Task1/models/db.py: 0
[2016-05-02 16:59:20] EDIT Task1/models/db.py: 0
[2016-05-02 17:00:32] EDIT Task1/controllers/default.py: 0
[2016-05-02 17:02:35] EDIT Task1/controllers/default.py: 0
[2016-05-02 17:03:39] EDIT Task1/views/dafault/activity.html: 0
[2016-05-02 17:03:48] EDIT Task1/views/dafault/activity.html: 0
[2016-05-02 17:06:05] EDIT Task1/models/db.py: 0
[2016-05-02 17:06:29] EDIT Task1/models/db.py: 0
[2016-05-02 17:06:46] EDIT Task1/models/db.py: 0
[2016-05-02 17:07:07] EDIT Task1/models/db.py: 0
[2016-05-02 17:07:41] EDIT Task1/models/db.py: 0
[2016-05-02 17:09:12] EDIT Task1/models/db.py: 0
[2016-05-02 17:10:39] EDIT Task1/models/db.py: 0
[2016-05-02 17:35:43] EDIT Task1/models/db.py: 0
[2016-05-02 17:37:45] EDIT Task1/models/db.py: 0
[2016-05-02 17:38:49] EDIT Task1/models/db.py: 0
[2016-05-02 17:41:14] EDIT Task1/views/default/home.html: -3
[2016-05-02 17:41:48] EDIT Task1/views/default/incomplete.html: 3
[2016-05-02 17:42:20] EDIT Task1/views/default/home.html: -2
[2016-05-02 17:42:36] EDIT Task1/views/default/incomplete.html: -2
[2016-05-02 17:42:58] EDIT Task1/views/default/incomplete.html: 0
[2016-05-02 17:46:53] EDIT Task1/views/default/incomplete.html: 1
[2016-05-02 17:47:27] EDIT Task1/views/default/incomplete.html: -1
[2016-05-02 18:05:00] EDIT Task1/models/db.py: 0
[2016-05-02 18:05:42] EDIT Task1/models/db.py: 0
[2016-05-02 18:05:58] EDIT Task1/models/db.py: 0
[2016-05-02 18:06:38] EDIT Task1/controllers/default.py: 0
[2016-05-02 19:33:52] EDIT Task1/models/db.py: 0
[2016-05-02 19:39:11] EDIT Task1/controllers/default.py: 3
[2016-05-02 19:39:20] EDIT Task1/controllers/default.py: 0
[2016-05-02 19:39:22] EDIT Task1/controllers/default.py: 0
[2016-05-02 19:39:41] CREATE default/activitytable.html: 0
[2016-05-02 19:55:50] EDIT Task1/controllers/default.py: 2
[2016-05-02 19:56:24] EDIT Task1/views/default/incomplete.html: 0
[2016-05-02 19:57:06] EDIT Task1/controllers/default.py: 0
[2016-05-02 19:57:14] EDIT Task1/controllers/default.py: 0
[2016-05-02 19:57:45] EDIT Task1/controllers/default.py: 0
[2016-05-02 19:58:44] EDIT Task1/views/default/incomplete.html: 0
[2016-05-02 19:59:23] EDIT Task1/views/default/incomplete.html: 0
[2016-05-02 19:59:24] EDIT Task1/views/default/incomplete.html: 0
[2016-05-02 20:00:19] EDIT Task1/views/default/incomplete.html: 0
[2016-05-02 20:01:56] EDIT Task1/controllers/default.py: 0
[2016-05-02 20:02:58] EDIT Task1/controllers/default.py: 1
[2016-05-02 20:03:26] EDIT Task1/views/default/incomplete.html: 0
[2016-05-02 20:03:38] EDIT Task1/views/default/incomplete.html: 0
[2016-05-02 20:03:39] EDIT Task1/views/default/incomplete.html: 0
[2016-05-02 20:04:15] EDIT Task1/views/default/incomplete.html: 0
[2016-05-02 20:04:47] EDIT Task1/views/default/incomplete.html: 0
[2016-05-02 20:08:52] EDIT Task1/views/default/activitytable.html: 11
[2016-05-02 20:10:38] EDIT Task1/controllers/default.py: 1
[2016-05-02 20:11:17] EDIT Task1/views/default/activitytable.html: 0
[2016-05-02 20:11:18] EDIT Task1/views/default/activitytable.html: 0
[2016-05-02 20:14:10] EDIT Task1/controllers/default.py: 0
[2016-05-02 20:14:50] EDIT Task1/views/default/activitytable.html: 1
[2016-05-02 20:14:52] EDIT Task1/views/default/activitytable.html: 0
[2016-05-02 20:17:39] EDIT Task1/controllers/default.py: -28
[2016-05-02 20:18:06] EDIT Task1/controllers/default.py: 0
[2016-05-02 20:19:46] EDIT Task1/controllers/default.py: 0
[2016-05-02 20:19:47] EDIT Task1/controllers/default.py: 0
[2016-05-02 20:20:18] EDIT Task1/controllers/default.py: 0
[2016-05-02 20:22:41] EDIT Task1/views/default/home.html: 0
[2016-05-02 20:28:44] EDIT Task1/models/db.py: -11
[2016-05-02 21:34:51] EDIT Task1/views/default/show1.html: 15
[2016-05-02 21:34:56] EDIT Task1/views/default/show1.html: 0
[2016-05-02 21:38:27] EDIT Task1/views/default/show1.html: 0
[2016-05-02 21:39:37] EDIT Task1/views/default/show1.html: 0
[2016-05-02 21:43:18] EDIT Task1/views/default/incomplete.html: 12
[2016-05-02 21:45:10] EDIT Task1/views/default/incomplete.html: 0
[2016-05-02 21:46:08] EDIT Task1/views/default/incomplete.html: -1
[2016-05-03 03:05:30] EDIT Task1/models/db.py: -9
[2016-05-03 03:05:45] EDIT Task1/models/menu.py: 0
[2016-05-03 03:06:32] EDIT Task1/controllers/default.py: 0
[2016-05-03 03:11:53] EDIT Task1/views/default/incomplete.html: 0
[2016-05-03 03:12:35] EDIT Task1/views/default/show1.html: 0
[2016-05-03 03:13:08] EDIT Task1/views/default/show1.html: 0
[2016-05-03 03:13:41] EDIT Task1/views/default/show1.html: 0
[2016-05-03 03:24:31] EDIT Task1/views/default/home.html: 0
[2016-05-03 03:24:54] EDIT Task1/views/default/incomplete.html: 0
[2016-05-03 03:24:56] EDIT Task1/views/default/incomplete.html: 0
[2016-05-03 03:27:08] EDIT Task1/models/db.py: 1
[2016-05-03 03:27:14] EDIT Task1/models/db.py: 0
[2016-05-03 03:28:32] EDIT Task1/models/db.py: 0
[2016-05-03 03:28:42] EDIT Task1/views/default/show1.html: 3
[2016-05-03 03:34:32] EDIT Task1/models/db.py: 0
[2016-05-03 03:40:17] EDIT Task1/controllers/default.py: 3
[2016-05-03 03:40:34] EDIT Task1/controllers/default.py: 0
[2016-05-03 03:45:35] EDIT Task1/controllers/default.py: 6
[2016-05-03 03:46:16] CREATE default/search.html: 0
[2016-05-03 03:47:21] EDIT Task1/views/default/search.html: 10
[2016-05-03 03:48:06] EDIT Task1/views/default/search.html: 0
[2016-05-03 03:48:54] EDIT Task1/models/menu.py: 1
[2016-05-03 03:52:57] EDIT Task1/views/default/search.html: 6
[2016-05-03 03:53:43] EDIT Task1/views/default/search.html: 0
[2016-05-03 03:54:07] EDIT Task1/views/default/search.html: -4
[2016-05-03 04:00:51] EDIT Task1/controllers/default.py: 8
[2016-05-03 04:00:55] EDIT Task1/controllers/default.py: 0
[2016-05-03 04:01:28] EDIT Task1/controllers/default.py: 0
[2016-05-03 04:07:59] EDIT Task1/views/default/task.html: 0
[2016-05-03 04:20:29] EDIT Task1/controllers/default.py: 0
[2016-05-03 04:21:19] EDIT Task1/controllers/default.py: 1
[2016-05-03 04:21:33] EDIT Task1/controllers/default.py: 0
[2016-05-03 04:21:33] EDIT Task1/controllers/default.py: 0
[2016-05-03 04:21:34] EDIT Task1/controllers/default.py: 0
[2016-05-03 04:21:53] EDIT Task1/controllers/default.py: 0
[2016-05-03 04:22:04] EDIT Task1/controllers/default.py: 0
[2016-05-03 04:22:53] EDIT Task1/controllers/default.py: 0
[2016-05-03 04:22:54] EDIT Task1/controllers/default.py: 0
[2016-05-03 04:23:43] EDIT Task1/controllers/default.py: 0
[2016-05-03 04:23:45] EDIT Task1/controllers/default.py: 0
[2016-05-03 04:23:52] EDIT Task1/controllers/default.py: 0
[2016-05-03 04:24:03] EDIT Task1/controllers/default.py: 0
[2016-05-03 04:24:10] EDIT Task1/controllers/default.py: -1
[2016-05-03 04:24:11] EDIT Task1/controllers/default.py: 0
[2016-05-03 04:24:11] EDIT Task1/controllers/default.py: 0
[2016-05-03 04:24:12] EDIT Task1/controllers/default.py: 0
[2016-05-03 04:24:12] EDIT Task1/controllers/default.py: 0
[2016-05-03 04:24:12] EDIT Task1/controllers/default.py: 0
[2016-05-03 04:24:13] EDIT Task1/controllers/default.py: 0
[2016-05-03 04:24:13] EDIT Task1/controllers/default.py: 0
[2016-05-03 04:24:40] EDIT Task1/controllers/default.py: 0
[2016-05-03 04:24:46] EDIT Task1/controllers/default.py: 0
[2016-05-03 04:26:28] EDIT Task1/controllers/default.py: 0
[2016-05-03 04:26:29] EDIT Task1/controllers/default.py: 0
[2016-05-03 04:27:28] EDIT Task1/controllers/default.py: 0
[2016-05-03 04:27:39] EDIT Task1/controllers/default.py: 0
[2016-05-03 04:27:46] EDIT Task1/controllers/default.py: 0
[2016-05-03 04:28:00] EDIT Task1/controllers/default.py: 0
[2016-05-03 04:28:09] EDIT Task1/controllers/default.py: 0
[2016-05-03 04:36:30] EDIT Task1/controllers/default.py: 0
[2016-05-03 04:36:33] EDIT Task1/controllers/default.py: 0
[2016-05-03 04:36:55] EDIT Task1/controllers/default.py: 0
[2016-05-03 04:36:56] EDIT Task1/controllers/default.py: 0
[2016-05-03 04:37:16] EDIT Task1/controllers/default.py: 0
[2016-05-03 04:37:26] EDIT Task1/controllers/default.py: 0
[2016-05-03 04:37:54] EDIT Task1/controllers/default.py: 0
[2016-05-03 04:38:48] EDIT Task1/controllers/default.py: 1
[2016-05-03 04:39:03] EDIT Task1/controllers/default.py: 0
[2016-05-03 04:40:10] EDIT Task1/controllers/default.py: 1
[2016-05-03 04:40:29] EDIT Task1/controllers/default.py: 0
[2016-05-03 04:40:41] EDIT Task1/controllers/default.py: 0
[2016-05-03 04:41:23] EDIT Task1/controllers/default.py: 0
[2016-05-03 04:41:38] EDIT Task1/controllers/default.py: 0
[2016-05-03 04:41:45] EDIT Task1/controllers/default.py: 0
[2016-05-03 04:42:19] EDIT Task1/controllers/default.py: 0
[2016-05-03 04:44:40] EDIT Task1/controllers/default.py: 4
[2016-05-03 04:45:08] CREATE default/manage.html: 0
[2016-05-03 04:45:22] EDIT Task1/views/default/manage.html: 0
[2016-05-03 04:45:57] EDIT Task1/models/menu.py: 1
[2016-05-03 04:50:53] EDIT Task1/controllers/default.py: 0
[2016-05-03 04:51:15] EDIT Task1/controllers/default.py: 0
[2016-05-03 04:51:55] EDIT Task1/controllers/default.py: 0
[2016-05-03 20:19:16] EDIT Task1/controllers/default.py: 0
[2016-05-03 20:22:26] EDIT Task1/controllers/default.py: 0
[2016-05-03 20:27:33] EDIT Task1/controllers/default.py: 0
[2016-05-03 20:27:34] EDIT Task1/controllers/default.py: 0
[2016-05-03 20:30:22] EDIT Task1/controllers/default.py: 0
[2016-05-03 20:32:06] EDIT Task1/controllers/default.py: 0
[2016-05-03 20:32:07] EDIT Task1/controllers/default.py: 0
[2016-05-03 20:32:26] EDIT Task1/controllers/default.py: 0
[2016-05-03 20:33:02] EDIT Task1/controllers/default.py: 0
[2016-05-03 20:34:04] EDIT Task1/controllers/default.py: 0
[2016-05-03 20:38:29] EDIT Task1/controllers/default.py: 0
[2016-05-03 20:41:38] EDIT Task1/controllers/default.py: 0
[2016-05-03 20:53:48] EDIT Task1/controllers/default.py: 0
[2016-05-03 21:06:59] EDIT Task1/controllers/default.py: 4
[2016-05-03 21:10:10] EDIT Task1/models/db.py: 5
[2016-05-03 21:10:57] EDIT Task1/models/db.py: 0
[2016-05-03 21:11:37] EDIT Task1/models/db.py: 0
[2016-05-03 21:12:09] EDIT Task1/models/db.py: -1
[2016-05-03 21:13:51] EDIT Task1/models/db.py: 0
[2016-05-03 21:13:52] EDIT Task1/models/db.py: 0
[2016-05-03 21:14:33] EDIT Task1/controllers/default.py: 1
[2016-05-03 21:16:53] EDIT Task1/views/default/home.html: 2
[2016-05-03 21:17:21] EDIT Task1/views/default/home.html: 0
[2016-05-03 21:19:10] EDIT Task1/controllers/default.py: 5
[2016-05-03 21:20:32] EDIT Task1/controllers/default.py: 0
[2016-05-03 21:20:34] EDIT Task1/controllers/default.py: 0
[2016-05-03 21:26:59] EDIT Task1/controllers/default.py: 1
[2016-05-03 21:27:12] EDIT Task1/controllers/default.py: 0
[2016-05-03 21:27:26] EDIT Task1/controllers/default.py: 0
[2016-05-03 21:29:11] EDIT Task1/views/default/show1.html: 6
[2016-05-03 21:30:12] EDIT Task1/views/default/show1.html: 0
[2016-05-03 21:30:39] EDIT Task1/views/default/show1.html: 0
[2016-05-03 21:31:05] EDIT Task1/models/db.py: 0
[2016-05-03 21:32:34] EDIT Task1/controllers/default.py: 0
[2016-05-03 21:33:06] EDIT Task1/controllers/default.py: 0
[2016-05-03 21:35:16] EDIT Task1/controllers/default.py: 1
[2016-05-03 21:45:50] EDIT Task1/controllers/default.py: 5
[2016-05-03 21:46:43] EDIT Task1/controllers/default.py: 0
[2016-05-03 21:50:04] EDIT Task1/controllers/default.py: 0
[2016-05-03 21:50:25] EDIT Task1/controllers/default.py: 0
[2016-05-03 21:51:11] EDIT Task1/controllers/default.py: 0
[2016-05-03 21:54:06] EDIT Task1/controllers/default.py: 0
[2016-05-03 21:54:09] EDIT Task1/controllers/default.py: 0
[2016-05-03 21:55:38] EDIT Task1/controllers/default.py: 0
[2016-05-03 21:56:09] CREATE default/taggedtasks.html: 0
[2016-05-03 22:02:01] EDIT Task1/views/default/taggedtasks.html: 15
[2016-05-03 22:02:20] EDIT Task1/views/default/taggedtasks.html: 0
[2016-05-03 22:02:32] EDIT Task1/views/default/taggedtasks.html: 0
[2016-05-03 22:03:12] EDIT Task1/views/default/taggedtasks.html: 88
[2016-05-03 22:03:30] EDIT Task1/views/default/taggedtasks.html: 0
[2016-05-03 22:04:03] EDIT Task1/models/menu.py: 0
[2016-05-03 22:07:36] EDIT Task1/controllers/default.py: 0
[2016-05-03 22:11:17] EDIT Task1/controllers/default.py: 0
[2016-05-03 22:11:36] EDIT Task1/controllers/default.py: 0
[2016-05-03 22:24:39] EDIT Task1/views/default/incomplete.html: 2
[2016-05-03 22:25:04] EDIT Task1/views/default/incomplete.html: -1
[2016-05-03 22:26:23] EDIT Task1/views/default/incomplete.html: 0
[2016-05-03 22:27:01] EDIT Task1/views/default/incomplete.html: -1
[2016-05-03 22:27:26] EDIT Task1/views/default/incomplete.html: 0
[2016-05-03 22:27:48] EDIT Task1/views/default/home.html: 2
[2016-05-03 22:34:59] EDIT Task1/models/db.py: 0
[2016-05-03 22:40:24] EDIT Task1/views/default/show1.html: -3
[2016-05-03 22:42:22] EDIT Task1/static/css/web2py-bootstrap3.css: 1
[2016-05-03 22:53:27] EDIT Task1/views/default/index.html: 36
[2016-05-03 22:56:00] EDIT Task1/views/default/index.html: 3
[2016-05-03 22:56:50] EDIT Task1/views/default/index.html: 7
[2016-05-03 22:57:12] EDIT Task1/views/default/index.html: -1
[2016-05-03 22:58:59] EDIT Task1/views/default/index.html: 1
[2016-05-03 22:59:09] EDIT Task1/views/default/index.html: 0
[2016-05-03 23:03:19] EDIT Task1/views/default/index.html: -10
[2016-05-03 23:03:19] EDIT Task1/views/default/index.html: 0
[2016-05-03 23:05:29] EDIT Task1/views/default/incomplete.html: 3
[2016-05-03 23:06:04] EDIT Task1/views/default/incomplete.html: -2
[2016-05-03 23:06:17] EDIT Task1/views/default/incomplete.html: -8
[2016-05-03 23:10:02] EDIT Task1/views/default/incomplete.html: 0
[2016-05-03 23:10:02] EDIT Task1/views/default/incomplete.html: 0
[2016-05-03 23:14:18] EDIT Task1/views/default/incomplete.html: 12
[2016-05-03 23:14:29] EDIT Task1/views/default/incomplete.html: 1
[2016-05-03 23:17:17] EDIT Task1/views/default/home.html: 16
[2016-05-03 23:17:59] EDIT Task1/views/default/show1.html: 0
[2016-05-03 23:19:29] EDIT Task1/views/default/show1.html: 0
[2016-05-03 23:24:07] EDIT Task1/views/default/show1.html: 0
